{
  "RSpec": {
    "coverage": {
      "/Users/margaretmcgovern/Desktop/projects/berry_portfolio/spec/controllers/comments_controller_spec.rb": [
        1,
        null,
        1,
        null,
        null
      ],
      "/Users/margaretmcgovern/Desktop/projects/berry_portfolio/spec/rails_helper.rb": [
        1,
        null,
        1,
        1,
        1,
        1,
        1,
        null,
        1,
        null,
        1,
        1,
        null,
        1,
        null,
        1,
        null,
        1,
        null,
        null,
        null,
        1,
        1,
        1,
        1,
        null,
        null
      ],
      "/Users/margaretmcgovern/Desktop/projects/berry_portfolio/config/environment.rb": [
        null,
        1,
        null,
        null,
        1
      ],
      "/Users/margaretmcgovern/Desktop/projects/berry_portfolio/config/application.rb": [
        1,
        null,
        1,
        null,
        1,
        1,
        1,
        1,
        1,
        1,
        1,
        1,
        null,
        null,
        null,
        null,
        1,
        null,
        1,
        1,
        null,
        1,
        null,
        null,
        null,
        null,
        null,
        null,
        1,
        null,
        null
      ],
      "/Users/margaretmcgovern/Desktop/projects/berry_portfolio/config/boot.rb": [
        1,
        null,
        1
      ],
      "/Users/margaretmcgovern/Desktop/projects/berry_portfolio/config/environments/test.rb": [
        1,
        null,
        null,
        null,
        null,
        null,
        null,
        1,
        null,
        null,
        null,
        null,
        1,
        null,
        null,
        1,
        1,
        null,
        null,
        null,
        null,
        1,
        1,
        null,
        null,
        1,
        null,
        null,
        1,
        1,
        null,
        null,
        null,
        null,
        1,
        null,
        null,
        1,
        null,
        null,
        null,
        null
      ],
      "/Users/margaretmcgovern/Desktop/projects/berry_portfolio/config/initializers/application_controller_renderer.rb": [
        null,
        null,
        null,
        null,
        null,
        null,
        null,
        null
      ],
      "/Users/margaretmcgovern/Desktop/projects/berry_portfolio/config/initializers/assets.rb": [
        null,
        null,
        null,
        1,
        null,
        null,
        null,
        null,
        1,
        null,
        null,
        null,
        null,
        null
      ],
      "/Users/margaretmcgovern/Desktop/projects/berry_portfolio/config/initializers/backtrace_silencers.rb": [
        null,
        null,
        null,
        null,
        null,
        null,
        null
      ],
      "/Users/margaretmcgovern/Desktop/projects/berry_portfolio/config/initializers/cookies_serializer.rb": [
        null,
        null,
        null,
        null,
        1
      ],
      "/Users/margaretmcgovern/Desktop/projects/berry_portfolio/config/initializers/devise.rb": [
        null,
        null,
        1,
        null,
        null,
        null,
        null,
        null,
        null,
        null,
        null,
        null,
        null,
        null,
        1,
        null,
        null,
        null,
        null,
        null,
        null,
        null,
        null,
        null,
        null,
        null,
        1,
        null,
        null,
        null,
        null,
        null,
        null,
        null,
        null,
        null,
        1,
        null,
        null,
        null,
        null,
        null,
        null,
        null,
        null,
        null,
        null,
        null,
        1,
        null,
        null,
        null,
        null,
        1,
        null,
        null,
        null,
        null,
        null,
        null,
        null,
        null,
        null,
        null,
        null,
        null,
        null,
        null,
        null,
        null,
        null,
        null,
        null,
        null,
        null,
        null,
        null,
        null,
        null,
        null,
        null,
        null,
        null,
        null,
        1,
        null,
        null,
        null,
        null,
        null,
        null,
        null,
        null,
        null,
        null,
        null,
        null,
        null,
        null,
        null,
        null,
        null,
        null,
        null,
        null,
        null,
        null,
        1,
        null,
        null,
        null,
        null,
        null,
        null,
        null,
        null,
        null,
        null,
        null,
        null,
        null,
        null,
        null,
        null,
        null,
        null,
        null,
        null,
        null,
        null,
        null,
        null,
        null,
        null,
        null,
        null,
        null,
        null,
        1,
        null,
        null,
        null,
        null,
        null,
        null,
        null,
        null,
        null,
        1,
        null,
        null,
        null,
        null,
        null,
        null,
        null,
        null,
        null,
        null,
        1,
        null,
        null,
        null,
        null,
        1,
        null,
        null,
        null,
        null,
        null,
        null,
        null,
        null,
        null,
        null,
        null,
        null,
        null,
        null,
        null,
        null,
        null,
        null,
        null,
        null,
        null,
        null,
        null,
        null,
        null,
        null,
        null,
        null,
        null,
        null,
        null,
        null,
        null,
        null,
        null,
        null,
        null,
        null,
        null,
        null,
        1,
        null,
        null,
        null,
        null,
        null,
        null,
        null,
        null,
        null,
        null,
        null,
        null,
        null,
        null,
        null,
        null,
        null,
        null,
        null,
        null,
        null,
        null,
        null,
        null,
        null,
        null,
        null,
        null,
        null,
        null,
        null,
        null,
        null,
        null,
        null,
        null,
        null,
        null,
        null,
        null,
        null,
        1,
        null,
        null,
        null,
        null,
        null,
        null,
        null,
        null,
        null,
        null,
        null,
        null,
        null,
        null,
        null,
        null,
        null,
        null,
        null,
        null,
        null,
        null,
        null,
        null,
        null,
        null,
        null,
        null,
        null
      ],
      "/Users/margaretmcgovern/Desktop/projects/berry_portfolio/config/initializers/filter_parameter_logging.rb": [
        null,
        null,
        null,
        1
      ],
      "/Users/margaretmcgovern/Desktop/projects/berry_portfolio/config/initializers/inflections.rb": [
        null,
        null,
        null,
        null,
        null,
        null,
        null,
        null,
        null,
        null,
        null,
        null,
        null,
        null,
        null,
        null
      ],
      "/Users/margaretmcgovern/Desktop/projects/berry_portfolio/config/initializers/mime_types.rb": [
        null,
        null,
        null,
        null
      ],
      "/Users/margaretmcgovern/Desktop/projects/berry_portfolio/config/initializers/wrap_parameters.rb": [
        null,
        null,
        null,
        null,
        null,
        null,
        1,
        2,
        null,
        null,
        null,
        null,
        null,
        null
      ],
      "/Users/margaretmcgovern/Desktop/projects/berry_portfolio/config/routes.rb": [
        1,
        1,
        null,
        1,
        null,
        1,
        1,
        null,
        null,
        1,
        1,
        null,
        null,
        1,
        null
      ],
      "/Users/margaretmcgovern/Desktop/projects/berry_portfolio/app/models/user.rb": [
        1,
        1,
        1,
        null,
        1,
        1,
        null,
        1,
        1,
        null,
        1,
        null,
        1,
        null,
        null,
        1,
        6,
        null,
        null
      ],
      "/Users/margaretmcgovern/Desktop/projects/berry_portfolio/app/models/application_record.rb": [
        1,
        1,
        null
      ],
      "/Users/margaretmcgovern/Desktop/projects/berry_portfolio/app/controllers/application_controller.rb": [
        1,
        1,
        1,
        null,
        1,
        0,
        0,
        0,
        null,
        null
      ],
      "/Users/margaretmcgovern/Desktop/projects/berry_portfolio/app/helpers/application_helper.rb": [
        1,
        null
      ],
      "/Users/margaretmcgovern/Desktop/projects/berry_portfolio/app/helpers/comments_helper.rb": [
        1,
        null
      ],
      "/Users/margaretmcgovern/Desktop/projects/berry_portfolio/app/helpers/endorsements_helper.rb": [
        1,
        null
      ],
      "/Users/margaretmcgovern/Desktop/projects/berry_portfolio/app/helpers/projects_helper.rb": [
        1,
        null
      ],
      "/Users/margaretmcgovern/Desktop/projects/berry_portfolio/app/helpers/skills_helper.rb": [
        1,
        null
      ],
      "/Users/margaretmcgovern/Desktop/projects/berry_portfolio/app/channels/application_cable/channel.rb": [
        1,
        1,
        null,
        null
      ],
      "/Users/margaretmcgovern/Desktop/projects/berry_portfolio/app/channels/application_cable/connection.rb": [
        1,
        1,
        null,
        null
      ],
      "/Users/margaretmcgovern/Desktop/projects/berry_portfolio/app/controllers/comments_controller.rb": [
        1,
        null
      ],
      "/Users/margaretmcgovern/Desktop/projects/berry_portfolio/app/controllers/endorsements_controller.rb": [
        1,
        null
      ],
      "/Users/margaretmcgovern/Desktop/projects/berry_portfolio/app/controllers/projects_controller.rb": [
        1,
        null
      ],
      "/Users/margaretmcgovern/Desktop/projects/berry_portfolio/app/controllers/skills_controller.rb": [
        1,
        1,
        0,
        null,
        null,
        1,
        0,
        0,
        null,
        null
      ],
      "/Users/margaretmcgovern/Desktop/projects/berry_portfolio/app/jobs/application_job.rb": [
        1,
        null
      ],
      "/Users/margaretmcgovern/Desktop/projects/berry_portfolio/app/mailers/application_mailer.rb": [
        1,
        1,
        1,
        null
      ],
      "/Users/margaretmcgovern/Desktop/projects/berry_portfolio/app/models/comment.rb": [
        1,
        1,
        1,
        null,
        1,
        1,
        1,
        null
      ],
      "/Users/margaretmcgovern/Desktop/projects/berry_portfolio/app/models/endorsement.rb": [
        1,
        1,
        1,
        null,
        1,
        1,
        1,
        null
      ],
      "/Users/margaretmcgovern/Desktop/projects/berry_portfolio/app/models/project.rb": [
        1,
        1,
        null,
        1,
        1,
        1,
        null
      ],
      "/Users/margaretmcgovern/Desktop/projects/berry_portfolio/app/models/skill.rb": [
        1,
        1,
        null,
        1,
        1,
        null
      ],
      "/Users/margaretmcgovern/Desktop/projects/berry_portfolio/spec/factories/comments.rb": [
        1,
        1,
        null,
        null,
        null
      ],
      "/Users/margaretmcgovern/Desktop/projects/berry_portfolio/spec/factories/endorsements.rb": [
        1,
        1,
        null,
        null,
        null
      ],
      "/Users/margaretmcgovern/Desktop/projects/berry_portfolio/spec/factories/projects.rb": [
        1,
        1,
        null,
        null,
        null
      ],
      "/Users/margaretmcgovern/Desktop/projects/berry_portfolio/spec/factories/skills.rb": [
        1,
        1,
        null,
        null,
        null
      ],
      "/Users/margaretmcgovern/Desktop/projects/berry_portfolio/spec/factories/users.rb": [
        1,
        1,
        null,
        null,
        null
      ],
      "/Users/margaretmcgovern/Desktop/projects/berry_portfolio/spec/controllers/endorsements_controller_spec.rb": [
        1,
        null,
        1,
        null,
        null
      ],
      "/Users/margaretmcgovern/Desktop/projects/berry_portfolio/spec/controllers/projects_controller_spec.rb": [
        1,
        null,
        1,
        null,
        null
      ],
      "/Users/margaretmcgovern/Desktop/projects/berry_portfolio/spec/controllers/skills_controller_spec.rb": [
        1,
        null,
        1,
        null,
        null
      ],
      "/Users/margaretmcgovern/Desktop/projects/berry_portfolio/spec/helpers/comments_helper_spec.rb": [
        1,
        null,
        null,
        null,
        null,
        null,
        null,
        null,
        null,
        null,
        null,
        null,
        1,
        1,
        null
      ],
      "/Users/margaretmcgovern/Desktop/projects/berry_portfolio/spec/helpers/endorsements_helper_spec.rb": [
        1,
        null,
        null,
        null,
        null,
        null,
        null,
        null,
        null,
        null,
        null,
        null,
        1,
        1,
        null
      ],
      "/Users/margaretmcgovern/Desktop/projects/berry_portfolio/spec/helpers/projects_helper_spec.rb": [
        1,
        null,
        null,
        null,
        null,
        null,
        null,
        null,
        null,
        null,
        null,
        null,
        1,
        1,
        null
      ],
      "/Users/margaretmcgovern/Desktop/projects/berry_portfolio/spec/helpers/skills_helper_spec.rb": [
        1,
        null,
        null,
        null,
        null,
        null,
        null,
        null,
        null,
        null,
        null,
        null,
        1,
        1,
        null
      ],
      "/Users/margaretmcgovern/Desktop/projects/berry_portfolio/spec/models/comment_spec.rb": [
        1,
        null,
        1,
        2,
        2,
        2,
        null,
        null,
        1,
        2,
        2,
        null,
        null,
        1,
        2,
        2,
        2,
        2,
        2,
        null
      ],
      "/Users/margaretmcgovern/Desktop/projects/berry_portfolio/spec/models/endorsement_spec.rb": [
        1,
        null,
        1,
        2,
        2,
        2,
        null,
        null,
        1,
        2,
        2,
        null,
        null,
        1,
        2,
        2,
        2,
        2,
        2,
        null
      ],
      "/Users/margaretmcgovern/Desktop/projects/berry_portfolio/spec/models/project_spec.rb": [
        1,
        null,
        1,
        2,
        2,
        2,
        null,
        null,
        1,
        2,
        null,
        null,
        1,
        2,
        2,
        2,
        2,
        2,
        null
      ],
      "/Users/margaretmcgovern/Desktop/projects/berry_portfolio/spec/models/skill_spec.rb": [
        1,
        null,
        1,
        2,
        2,
        null,
        null,
        1,
        2,
        null,
        null,
        1,
        2,
        2,
        2,
        2,
        null
      ],
      "/Users/margaretmcgovern/Desktop/projects/berry_portfolio/spec/models/user_spec.rb": [
        1,
        null,
        1,
        2,
        2,
        2,
        2,
        2,
        null,
        null,
        1,
        2,
        2,
        null,
        null,
        1,
        2,
        2,
        2,
        2,
        2,
        2,
        2,
        null
      ]
    },
    "timestamp": 1512160965
  }
}
